<?xml version="1.0" encoding="UTF-8"?>
<testsuite name="de.drinkndrive.security.SecurityUtilsTest" time="0.088" tests="3" errors="0" skipped="0" failures="0">
  <properties>
    <property name="idea.version" value="14.1"/>
    <property name="java.runtime.name" value="Java(TM) SE Runtime Environment"/>
    <property name="sun.boot.library.path" value="V:\jdk8\jre\bin"/>
    <property name="java.vm.version" value="25.0-b70"/>
    <property name="user.country.format" value="DE"/>
    <property name="java.vm.vendor" value="Oracle Corporation"/>
    <property name="java.vendor.url" value="http://java.oracle.com/"/>
    <property name="path.separator" value=";"/>
    <property name="guice.disable.misplaced.annotation.check" value="true"/>
    <property name="java.vm.name" value="Java HotSpot(TM) 64-Bit Server VM"/>
    <property name="file.encoding.pkg" value="sun.io"/>
    <property name="idea.launcher.port" value="7532"/>
    <property name="user.script" value=""/>
    <property name="user.country" value="US"/>
    <property name="sun.java.launcher" value="SUN_STANDARD"/>
    <property name="sun.os.patch.level" value="Service Pack 1"/>
    <property name="java.vm.specification.name" value="Java Virtual Machine Specification"/>
    <property name="user.dir" value="V:\work_idea\drinkndrive.de"/>
    <property name="java.runtime.version" value="1.8.0-b132"/>
    <property name="java.awt.graphicsenv" value="sun.awt.Win32GraphicsEnvironment"/>
    <property name="java.endorsed.dirs" value="V:\jdk8\jre\lib\endorsed"/>
    <property name="os.arch" value="amd64"/>
    <property name="idea.modules.paths.file" value="C:\Users\boyan\.IntelliJIdea14\system\Maven\idea-projects-state-982907ca.properties"/>
    <property name="java.io.tmpdir" value="C:\Users\boyan\AppData\Local\Temp\"/>
    <property name="line.separator" value="&#10;"/>
    <property name="java.vm.specification.vendor" value="Oracle Corporation"/>
    <property name="user.variant" value=""/>
    <property name="os.name" value="Windows 7"/>
    <property name="classworlds.conf" value="C:\Users\boyan\AppData\Local\Temp\idea-0-mvn.conf"/>
    <property name="sun.jnu.encoding" value="Cp1252"/>
    <property name="java.library.path" value="V:\jdk8\bin;C:\Windows\Sun\Java\bin;C:\Windows\system32;C:\Windows;C:\Program Files (x86)\NVIDIA Corporation\PhysX\Common;P:\app\boyan\product\11.2.0\client_1;P:\app\boyan\product\11.2.0\client_1\bin;C:\PROGRAM FILES\BROADCOM\BROADCOM 802.11 NETWORK ADAPTER;C:\PROGRAM FILES (X86)\INTEL\ICLS CLIENT\;C:\PROGRAM FILES\INTEL\ICLS CLIENT\;C:\Windows\SYSTEM32;C:\Windows;C:\Windows\SYSTEM32\WBEM;C:\Windows\SYSTEM32\WINDOWSPOWERSHELL\V1.0\;C:\PROGRAM FILES (X86)\INTEL\OPENCL SDK\1.5\BIN\X86;C:\PROGRAM FILES (X86)\INTEL\OPENCL SDK\1.5\BIN\X64;C:\PROGRAM FILES\INTEL\INTEL(R) MANAGEMENT ENGINE COMPONENTS\DAL;C:\PROGRAM FILES\INTEL\INTEL(R) MANAGEMENT ENGINE COMPONENTS\IPT;C:\PROGRAM FILES (X86)\INTEL\INTEL(R) MANAGEMENT ENGINE COMPONENTS\DAL;C:\PROGRAM FILES (X86)\INTEL\INTEL(R) MANAGEMENT ENGINE COMPONENTS\IPT;C:\PROGRAM FILES\WIDCOMM\BLUETOOTH SOFTWARE\;C:\PROGRAM FILES\WIDCOMM\BLUETOOTH SOFTWARE\SYSWOW64;C:\PROGRAM FILES\BROADCOM\WHL\;C:\PROGRAM FILES\BROADCOM\WHL\SYSWOW64;C:\PROGRAM FILES\BROADCOM\WHL\SYSWOW64\;C:\PROGRAM FILES\BROADCOM\WHL\SYSWOW64\SYSWOW64;C:\PROGRAM FILES\LUCIDLOGIX TECHNOLOGIES\VIRTU MVP;C:\Program Files\Java\jdk1.7.0_11\bin;C:\PROGRAM FILES (X86)\WINMERGE;H:\ANDROID\GIT\CMD;H:\ANDROID\GIT\BIN;%ANDROID_TOOLS%;E:\HG\;C:\PROGRAM FILES\TORTOISEHG\;C:\Program Files\TortoiseSVN\bin;C:\Program Files\Lucidlogix Technologies\VIRTU MVP;C:\Program Files (x86)\Common Files\Acronis\SnapAPI\;C:\Program Files\TortoiseGit\bin;H:\android\Git\cmd;H:\android\Git\bin;;V:\android-sdk-windows\tools;;C:\Program Files\Java\jdk1.7.0_11\bin\bin;;\cmd;V:\nodejs;V:\npm;.;;.;;."/>
    <property name="java.specification.name" value="Java Platform API Specification"/>
    <property name="java.class.version" value="52.0"/>
    <property name="sun.management.compiler" value="HotSpot 64-Bit Tiered Compilers"/>
    <property name="os.version" value="6.1"/>
    <property name="user.home" value="C:\Users\boyan"/>
    <property name="user.timezone" value="Europe/Berlin"/>
    <property name="java.awt.printerjob" value="sun.awt.windows.WPrinterJob"/>
    <property name="java.specification.version" value="1.8"/>
    <property name="idea.launcher.bin.path" value="V:\IDEA_14_1\bin"/>
    <property name="file.encoding" value="windows-1252"/>
    <property name="user.name" value="boyan"/>
    <property name="java.class.path" value="V:\IDEA_14_1\plugins\maven\lib\maven3\boot\plexus-classworlds-2.4.jar;V:\IDEA_14_1\lib\idea_rt.jar"/>
    <property name="java.vm.specification.version" value="1.8"/>
    <property name="sun.arch.data.model" value="64"/>
    <property name="java.home" value="V:\jdk8\jre"/>
    <property name="sun.java.command" value="com.intellij.rt.execution.application.AppMain org.codehaus.classworlds.Launcher -Didea.version=14.1 clean install"/>
    <property name="java.specification.vendor" value="Oracle Corporation"/>
    <property name="user.language" value="en"/>
    <property name="user.language.format" value="de"/>
    <property name="awt.toolkit" value="sun.awt.windows.WToolkit"/>
    <property name="java.vm.info" value="mixed mode"/>
    <property name="java.version" value="1.8.0"/>
    <property name="java.ext.dirs" value="V:\jdk8\jre\lib\ext;C:\Windows\Sun\Java\lib\ext"/>
    <property name="sun.boot.class.path" value="V:\jdk8\jre\lib\resources.jar;V:\jdk8\jre\lib\rt.jar;V:\jdk8\jre\lib\sunrsasign.jar;V:\jdk8\jre\lib\jsse.jar;V:\jdk8\jre\lib\jce.jar;V:\jdk8\jre\lib\charsets.jar;V:\jdk8\jre\lib\jfr.jar;V:\jdk8\jre\classes"/>
    <property name="java.vendor" value="Oracle Corporation"/>
    <property name="maven.home" value="V:\IDEA_14_1\plugins\maven\lib\maven3"/>
    <property name="file.separator" value="\"/>
    <property name="java.vendor.url.bug" value="http://bugreport.sun.com/bugreport/"/>
    <property name="sun.cpu.endian" value="little"/>
    <property name="sun.io.unicode.encoding" value="UnicodeLittle"/>
    <property name="sun.desktop" value="windows"/>
    <property name="sun.cpu.isalist" value="amd64"/>
  </properties>
  <testcase name="testGetCurrentLogin" classname="de.drinkndrive.security.SecurityUtilsTest" time="0.086"/>
  <testcase name="testIsAuthenticated" classname="de.drinkndrive.security.SecurityUtilsTest" time="0"/>
  <testcase name="testAnonymousIsNotAuthenticated" classname="de.drinkndrive.security.SecurityUtilsTest" time="0.002"/>
</testsuite>